info  2019-09-24T15:49:23.894 nodeos    chain_plugin.cpp:556          plugin_initialize    ] initializing chain plugin
info  2019-09-24T15:49:23.895 nodeos    chain_plugin.cpp:395          operator()           ] Support for builtin protocol feature 'RAM_RESTRICTIONS' (with digest of '4e7bf348da00a945489b2a681749eb56f5de00b900014e137ddae39f48f69d67') is enabled with preactivation required
info  2019-09-24T15:49:23.895 nodeos    chain_plugin.cpp:505          operator()           ] Saved default specification for builtin protocol feature 'RAM_RESTRICTIONS' (with digest of '4e7bf348da00a945489b2a681749eb56f5de00b900014e137ddae39f48f69d67') to: /home/lfalves/developer/projects/eos-monarch/./blockchain/config/protocol_features/BUILTIN-RAM_RESTRICTIONS.json
info  2019-09-24T15:49:23.895 nodeos    chain_plugin.cpp:395          operator()           ] Support for builtin protocol feature 'GET_SENDER' (with digest of 'f0af56d2c5a48d60a4a5b5c903edfb7db3a736a94ed589d0b797df33ff9d3e1d') is enabled with preactivation required
info  2019-09-24T15:49:23.895 nodeos    chain_plugin.cpp:505          operator()           ] Saved default specification for builtin protocol feature 'GET_SENDER' (with digest of 'f0af56d2c5a48d60a4a5b5c903edfb7db3a736a94ed589d0b797df33ff9d3e1d') to: /home/lfalves/developer/projects/eos-monarch/./blockchain/config/protocol_features/BUILTIN-GET_SENDER.json
info  2019-09-24T15:49:23.895 nodeos    chain_plugin.cpp:395          operator()           ] Support for builtin protocol feature 'FORWARD_SETCODE' (with digest of '2652f5f96006294109b3dd0bbde63693f55324af452b799ee137a81a905eed25') is enabled with preactivation required
info  2019-09-24T15:49:23.895 nodeos    chain_plugin.cpp:505          operator()           ] Saved default specification for builtin protocol feature 'FORWARD_SETCODE' (with digest of '2652f5f96006294109b3dd0bbde63693f55324af452b799ee137a81a905eed25') to: /home/lfalves/developer/projects/eos-monarch/./blockchain/config/protocol_features/BUILTIN-FORWARD_SETCODE.json
info  2019-09-24T15:49:23.895 nodeos    chain_plugin.cpp:395          operator()           ] Support for builtin protocol feature 'ONLY_BILL_FIRST_AUTHORIZER' (with digest of '8ba52fe7a3956c5cd3a656a3174b931d3bb2abb45578befc59f283ecd816a405') is enabled with preactivation required
info  2019-09-24T15:49:23.895 nodeos    chain_plugin.cpp:505          operator()           ] Saved default specification for builtin protocol feature 'ONLY_BILL_FIRST_AUTHORIZER' (with digest of '8ba52fe7a3956c5cd3a656a3174b931d3bb2abb45578befc59f283ecd816a405') to: /home/lfalves/developer/projects/eos-monarch/./blockchain/config/protocol_features/BUILTIN-ONLY_BILL_FIRST_AUTHORIZER.json
info  2019-09-24T15:49:23.895 nodeos    chain_plugin.cpp:395          operator()           ] Support for builtin protocol feature 'RESTRICT_ACTION_TO_SELF' (with digest of 'ad9e3d8f650687709fd68f4b90b41f7d825a365b02c23a636cef88ac2ac00c43') is enabled with preactivation required
info  2019-09-24T15:49:23.895 nodeos    chain_plugin.cpp:505          operator()           ] Saved default specification for builtin protocol feature 'RESTRICT_ACTION_TO_SELF' (with digest of 'ad9e3d8f650687709fd68f4b90b41f7d825a365b02c23a636cef88ac2ac00c43') to: /home/lfalves/developer/projects/eos-monarch/./blockchain/config/protocol_features/BUILTIN-RESTRICT_ACTION_TO_SELF.json
info  2019-09-24T15:49:23.895 nodeos    chain_plugin.cpp:395          operator()           ] Support for builtin protocol feature 'DISALLOW_EMPTY_PRODUCER_SCHEDULE' (with digest of '68dcaa34c0517d19666e6b33add67351d8c5f69e999ca1e37931bc410a297428') is enabled with preactivation required
info  2019-09-24T15:49:23.895 nodeos    chain_plugin.cpp:505          operator()           ] Saved default specification for builtin protocol feature 'DISALLOW_EMPTY_PRODUCER_SCHEDULE' (with digest of '68dcaa34c0517d19666e6b33add67351d8c5f69e999ca1e37931bc410a297428') to: /home/lfalves/developer/projects/eos-monarch/./blockchain/config/protocol_features/BUILTIN-DISALLOW_EMPTY_PRODUCER_SCHEDULE.json
info  2019-09-24T15:49:23.895 nodeos    chain_plugin.cpp:395          operator()           ] Support for builtin protocol feature 'FIX_LINKAUTH_RESTRICTION' (with digest of 'e0fb64b1085cc5538970158d05a009c24e276fb94e1a0bf6a528b48fbc4ff526') is enabled with preactivation required
info  2019-09-24T15:49:23.895 nodeos    chain_plugin.cpp:505          operator()           ] Saved default specification for builtin protocol feature 'FIX_LINKAUTH_RESTRICTION' (with digest of 'e0fb64b1085cc5538970158d05a009c24e276fb94e1a0bf6a528b48fbc4ff526') to: /home/lfalves/developer/projects/eos-monarch/./blockchain/config/protocol_features/BUILTIN-FIX_LINKAUTH_RESTRICTION.json
info  2019-09-24T15:49:23.895 nodeos    chain_plugin.cpp:395          operator()           ] Support for builtin protocol feature 'REPLACE_DEFERRED' (with digest of 'ef43112c6543b88db2283a2e077278c315ae2c84719a8b25f25cc88565fbea99') is enabled with preactivation required
info  2019-09-24T15:49:23.895 nodeos    chain_plugin.cpp:505          operator()           ] Saved default specification for builtin protocol feature 'REPLACE_DEFERRED' (with digest of 'ef43112c6543b88db2283a2e077278c315ae2c84719a8b25f25cc88565fbea99') to: /home/lfalves/developer/projects/eos-monarch/./blockchain/config/protocol_features/BUILTIN-REPLACE_DEFERRED.json
info  2019-09-24T15:49:23.895 nodeos    chain_plugin.cpp:395          operator()           ] Support for builtin protocol feature 'NO_DUPLICATE_DEFERRED_ID' (with digest of '4a90c00d55454dc5b059055ca213579c6ea856967712a56017487886a4d4cc0f') is enabled with preactivation required
info  2019-09-24T15:49:23.895 nodeos    chain_plugin.cpp:505          operator()           ] Saved default specification for builtin protocol feature 'NO_DUPLICATE_DEFERRED_ID' (with digest of '4a90c00d55454dc5b059055ca213579c6ea856967712a56017487886a4d4cc0f') to: /home/lfalves/developer/projects/eos-monarch/./blockchain/config/protocol_features/BUILTIN-NO_DUPLICATE_DEFERRED_ID.json
info  2019-09-24T15:49:23.895 nodeos    chain_plugin.cpp:395          operator()           ] Support for builtin protocol feature 'ONLY_LINK_TO_EXISTING_PERMISSION' (with digest of '1a99a59d87e06e09ec5b028a9cbb7749b4a5ad8819004365d02dc4379a8b7241') is enabled with preactivation required
info  2019-09-24T15:49:23.895 nodeos    chain_plugin.cpp:505          operator()           ] Saved default specification for builtin protocol feature 'ONLY_LINK_TO_EXISTING_PERMISSION' (with digest of '1a99a59d87e06e09ec5b028a9cbb7749b4a5ad8819004365d02dc4379a8b7241') to: /home/lfalves/developer/projects/eos-monarch/./blockchain/config/protocol_features/BUILTIN-ONLY_LINK_TO_EXISTING_PERMISSION.json
info  2019-09-24T15:49:23.895 nodeos    chain_plugin.cpp:408          operator()           ] Support for builtin protocol feature 'PREACTIVATE_FEATURE' (with digest of '0ec7e080177b2c02b278d5088611686b49d739925a92d9bfcacd7fc6b74053bd') is enabled without activation restrictions
info  2019-09-24T15:49:23.895 nodeos    chain_plugin.cpp:505          operator()           ] Saved default specification for builtin protocol feature 'PREACTIVATE_FEATURE' (with digest of '0ec7e080177b2c02b278d5088611686b49d739925a92d9bfcacd7fc6b74053bd') to: /home/lfalves/developer/projects/eos-monarch/./blockchain/config/protocol_features/BUILTIN-PREACTIVATE_FEATURE.json
warn  2019-09-24T15:49:23.895 nodeos    chain_plugin.cpp:958          plugin_initialize    ] 3110006 plugin_config_exception: Incorrect plugin configuration
Specified genesis file '/home/lfalves/developer/projects/eos-monarch/./blockchain/../../genesis.json' does not exist.
    {"genesis":"/home/lfalves/developer/projects/eos-monarch/./blockchain/../../genesis.json"}
    nodeos  chain_plugin.cpp:851 plugin_initialize
error 2019-09-24T15:49:23.895 nodeos    main.cpp:114                  main                 ] 3110006 plugin_config_exception: Incorrect plugin configuration
Specified genesis file '/home/lfalves/developer/projects/eos-monarch/./blockchain/../../genesis.json' does not exist.
    {"genesis":"/home/lfalves/developer/projects/eos-monarch/./blockchain/../../genesis.json"}
    nodeos  chain_plugin.cpp:851 plugin_initialize
rethrow
    {}
    nodeos  chain_plugin.cpp:958 plugin_initialize
info  2019-09-24T15:50:03.652 nodeos    chain_plugin.cpp:556          plugin_initialize    ] initializing chain plugin
info  2019-09-24T15:50:03.652 nodeos    chain_plugin.cpp:408          operator()           ] Support for builtin protocol feature 'PREACTIVATE_FEATURE' (with digest of '0ec7e080177b2c02b278d5088611686b49d739925a92d9bfcacd7fc6b74053bd') is enabled without activation restrictions
info  2019-09-24T15:50:03.652 nodeos    chain_plugin.cpp:395          operator()           ] Support for builtin protocol feature 'ONLY_LINK_TO_EXISTING_PERMISSION' (with digest of '1a99a59d87e06e09ec5b028a9cbb7749b4a5ad8819004365d02dc4379a8b7241') is enabled with preactivation required
info  2019-09-24T15:50:03.652 nodeos    chain_plugin.cpp:395          operator()           ] Support for builtin protocol feature 'FORWARD_SETCODE' (with digest of '2652f5f96006294109b3dd0bbde63693f55324af452b799ee137a81a905eed25') is enabled with preactivation required
info  2019-09-24T15:50:03.652 nodeos    chain_plugin.cpp:395          operator()           ] Support for builtin protocol feature 'REPLACE_DEFERRED' (with digest of 'ef43112c6543b88db2283a2e077278c315ae2c84719a8b25f25cc88565fbea99') is enabled with preactivation required
info  2019-09-24T15:50:03.652 nodeos    chain_plugin.cpp:395          operator()           ] Support for builtin protocol feature 'NO_DUPLICATE_DEFERRED_ID' (with digest of '4a90c00d55454dc5b059055ca213579c6ea856967712a56017487886a4d4cc0f') is enabled with preactivation required
info  2019-09-24T15:50:03.652 nodeos    chain_plugin.cpp:395          operator()           ] Support for builtin protocol feature 'RAM_RESTRICTIONS' (with digest of '4e7bf348da00a945489b2a681749eb56f5de00b900014e137ddae39f48f69d67') is enabled with preactivation required
info  2019-09-24T15:50:03.652 nodeos    chain_plugin.cpp:395          operator()           ] Support for builtin protocol feature 'DISALLOW_EMPTY_PRODUCER_SCHEDULE' (with digest of '68dcaa34c0517d19666e6b33add67351d8c5f69e999ca1e37931bc410a297428') is enabled with preactivation required
info  2019-09-24T15:50:03.652 nodeos    chain_plugin.cpp:395          operator()           ] Support for builtin protocol feature 'ONLY_BILL_FIRST_AUTHORIZER' (with digest of '8ba52fe7a3956c5cd3a656a3174b931d3bb2abb45578befc59f283ecd816a405') is enabled with preactivation required
info  2019-09-24T15:50:03.652 nodeos    chain_plugin.cpp:395          operator()           ] Support for builtin protocol feature 'RESTRICT_ACTION_TO_SELF' (with digest of 'ad9e3d8f650687709fd68f4b90b41f7d825a365b02c23a636cef88ac2ac00c43') is enabled with preactivation required
info  2019-09-24T15:50:03.652 nodeos    chain_plugin.cpp:395          operator()           ] Support for builtin protocol feature 'FIX_LINKAUTH_RESTRICTION' (with digest of 'e0fb64b1085cc5538970158d05a009c24e276fb94e1a0bf6a528b48fbc4ff526') is enabled with preactivation required
info  2019-09-24T15:50:03.652 nodeos    chain_plugin.cpp:395          operator()           ] Support for builtin protocol feature 'GET_SENDER' (with digest of 'f0af56d2c5a48d60a4a5b5c903edfb7db3a736a94ed589d0b797df33ff9d3e1d') is enabled with preactivation required
warn  2019-09-24T15:50:03.652 nodeos    chain_plugin.cpp:873          plugin_initialize    ] Starting up fresh blockchain with default genesis state.
warn  2019-09-24T15:50:03.667 nodeos    producer_plugin.cpp:814       plugin_initialize    ] 3010001 name_type_exception: Invalid name
Name not properly normalized (name: eos-monarch, normalized: eos.monarch) 
    {"name":"eos-monarch","normalized":"eos.monarch"}
    nodeos  name.cpp:15 set
error 2019-09-24T15:50:03.667 nodeos    main.cpp:114                  main                 ] 3010001 name_type_exception: Invalid name
Name not properly normalized (name: eos-monarch, normalized: eos.monarch) 
    {"name":"eos-monarch","normalized":"eos.monarch"}
    nodeos  name.cpp:15 set
rethrow
    {}
    nodeos  producer_plugin.cpp:814 plugin_initialize
info  2019-09-24T15:52:26.914 nodeos    chain_plugin.cpp:556          plugin_initialize    ] initializing chain plugin
info  2019-09-24T15:52:26.914 nodeos    chain_plugin.cpp:408          operator()           ] Support for builtin protocol feature 'PREACTIVATE_FEATURE' (with digest of '0ec7e080177b2c02b278d5088611686b49d739925a92d9bfcacd7fc6b74053bd') is enabled without activation restrictions
info  2019-09-24T15:52:26.914 nodeos    chain_plugin.cpp:395          operator()           ] Support for builtin protocol feature 'ONLY_LINK_TO_EXISTING_PERMISSION' (with digest of '1a99a59d87e06e09ec5b028a9cbb7749b4a5ad8819004365d02dc4379a8b7241') is enabled with preactivation required
info  2019-09-24T15:52:26.914 nodeos    chain_plugin.cpp:395          operator()           ] Support for builtin protocol feature 'FORWARD_SETCODE' (with digest of '2652f5f96006294109b3dd0bbde63693f55324af452b799ee137a81a905eed25') is enabled with preactivation required
info  2019-09-24T15:52:26.914 nodeos    chain_plugin.cpp:395          operator()           ] Support for builtin protocol feature 'REPLACE_DEFERRED' (with digest of 'ef43112c6543b88db2283a2e077278c315ae2c84719a8b25f25cc88565fbea99') is enabled with preactivation required
info  2019-09-24T15:52:26.914 nodeos    chain_plugin.cpp:395          operator()           ] Support for builtin protocol feature 'NO_DUPLICATE_DEFERRED_ID' (with digest of '4a90c00d55454dc5b059055ca213579c6ea856967712a56017487886a4d4cc0f') is enabled with preactivation required
info  2019-09-24T15:52:26.914 nodeos    chain_plugin.cpp:395          operator()           ] Support for builtin protocol feature 'RAM_RESTRICTIONS' (with digest of '4e7bf348da00a945489b2a681749eb56f5de00b900014e137ddae39f48f69d67') is enabled with preactivation required
info  2019-09-24T15:52:26.914 nodeos    chain_plugin.cpp:395          operator()           ] Support for builtin protocol feature 'DISALLOW_EMPTY_PRODUCER_SCHEDULE' (with digest of '68dcaa34c0517d19666e6b33add67351d8c5f69e999ca1e37931bc410a297428') is enabled with preactivation required
info  2019-09-24T15:52:26.914 nodeos    chain_plugin.cpp:395          operator()           ] Support for builtin protocol feature 'ONLY_BILL_FIRST_AUTHORIZER' (with digest of '8ba52fe7a3956c5cd3a656a3174b931d3bb2abb45578befc59f283ecd816a405') is enabled with preactivation required
info  2019-09-24T15:52:26.914 nodeos    chain_plugin.cpp:395          operator()           ] Support for builtin protocol feature 'RESTRICT_ACTION_TO_SELF' (with digest of 'ad9e3d8f650687709fd68f4b90b41f7d825a365b02c23a636cef88ac2ac00c43') is enabled with preactivation required
info  2019-09-24T15:52:26.914 nodeos    chain_plugin.cpp:395          operator()           ] Support for builtin protocol feature 'FIX_LINKAUTH_RESTRICTION' (with digest of 'e0fb64b1085cc5538970158d05a009c24e276fb94e1a0bf6a528b48fbc4ff526') is enabled with preactivation required
info  2019-09-24T15:52:26.914 nodeos    chain_plugin.cpp:395          operator()           ] Support for builtin protocol feature 'GET_SENDER' (with digest of 'f0af56d2c5a48d60a4a5b5c903edfb7db3a736a94ed589d0b797df33ff9d3e1d') is enabled with preactivation required
warn  2019-09-24T15:52:26.914 nodeos    chain_plugin.cpp:958          plugin_initialize    ] 3190000 block_log_exception: Block log exception
Block log was not setup properly.
    {}
    nodeos  block_log.cpp:531 extract_genesis_state
error 2019-09-24T15:52:26.914 nodeos    main.cpp:114                  main                 ] 3190000 block_log_exception: Block log exception
Block log was not setup properly.
    {}
    nodeos  block_log.cpp:531 extract_genesis_state
rethrow
    {}
    nodeos  chain_plugin.cpp:958 plugin_initialize
info  2019-09-24T15:53:23.016 nodeos    chain_plugin.cpp:556          plugin_initialize    ] initializing chain plugin
info  2019-09-24T15:53:23.016 nodeos    chain_plugin.cpp:408          operator()           ] Support for builtin protocol feature 'PREACTIVATE_FEATURE' (with digest of '0ec7e080177b2c02b278d5088611686b49d739925a92d9bfcacd7fc6b74053bd') is enabled without activation restrictions
info  2019-09-24T15:53:23.016 nodeos    chain_plugin.cpp:395          operator()           ] Support for builtin protocol feature 'ONLY_LINK_TO_EXISTING_PERMISSION' (with digest of '1a99a59d87e06e09ec5b028a9cbb7749b4a5ad8819004365d02dc4379a8b7241') is enabled with preactivation required
info  2019-09-24T15:53:23.016 nodeos    chain_plugin.cpp:395          operator()           ] Support for builtin protocol feature 'FORWARD_SETCODE' (with digest of '2652f5f96006294109b3dd0bbde63693f55324af452b799ee137a81a905eed25') is enabled with preactivation required
info  2019-09-24T15:53:23.016 nodeos    chain_plugin.cpp:395          operator()           ] Support for builtin protocol feature 'REPLACE_DEFERRED' (with digest of 'ef43112c6543b88db2283a2e077278c315ae2c84719a8b25f25cc88565fbea99') is enabled with preactivation required
info  2019-09-24T15:53:23.016 nodeos    chain_plugin.cpp:395          operator()           ] Support for builtin protocol feature 'NO_DUPLICATE_DEFERRED_ID' (with digest of '4a90c00d55454dc5b059055ca213579c6ea856967712a56017487886a4d4cc0f') is enabled with preactivation required
info  2019-09-24T15:53:23.016 nodeos    chain_plugin.cpp:395          operator()           ] Support for builtin protocol feature 'RAM_RESTRICTIONS' (with digest of '4e7bf348da00a945489b2a681749eb56f5de00b900014e137ddae39f48f69d67') is enabled with preactivation required
info  2019-09-24T15:53:23.016 nodeos    chain_plugin.cpp:395          operator()           ] Support for builtin protocol feature 'DISALLOW_EMPTY_PRODUCER_SCHEDULE' (with digest of '68dcaa34c0517d19666e6b33add67351d8c5f69e999ca1e37931bc410a297428') is enabled with preactivation required
info  2019-09-24T15:53:23.016 nodeos    chain_plugin.cpp:395          operator()           ] Support for builtin protocol feature 'ONLY_BILL_FIRST_AUTHORIZER' (with digest of '8ba52fe7a3956c5cd3a656a3174b931d3bb2abb45578befc59f283ecd816a405') is enabled with preactivation required
info  2019-09-24T15:53:23.016 nodeos    chain_plugin.cpp:395          operator()           ] Support for builtin protocol feature 'RESTRICT_ACTION_TO_SELF' (with digest of 'ad9e3d8f650687709fd68f4b90b41f7d825a365b02c23a636cef88ac2ac00c43') is enabled with preactivation required
info  2019-09-24T15:53:23.016 nodeos    chain_plugin.cpp:395          operator()           ] Support for builtin protocol feature 'FIX_LINKAUTH_RESTRICTION' (with digest of 'e0fb64b1085cc5538970158d05a009c24e276fb94e1a0bf6a528b48fbc4ff526') is enabled with preactivation required
info  2019-09-24T15:53:23.016 nodeos    chain_plugin.cpp:395          operator()           ] Support for builtin protocol feature 'GET_SENDER' (with digest of 'f0af56d2c5a48d60a4a5b5c903edfb7db3a736a94ed589d0b797df33ff9d3e1d') is enabled with preactivation required
info  2019-09-24T15:53:23.016 nodeos    chain_plugin.cpp:732          plugin_initialize    ] Hard replay requested: deleting state database
info  2019-09-24T15:53:23.016 nodeos    block_log.cpp:360             repair_log           ] Recovering Block Log...
warn  2019-09-24T15:53:23.017 nodeos    chain_plugin.cpp:958          plugin_initialize    ] 13 St13runtime_error: collate_byname<char>::collate_byname failed to construct for 
rethrow collate_byname<char>::collate_byname failed to construct for : 
    {"what":"collate_byname<char>::collate_byname failed to construct for "}
    nodeos  chain_plugin.cpp:958 plugin_initialize
error 2019-09-24T15:53:23.017 nodeos    main.cpp:114                  main                 ] 13 St13runtime_error: collate_byname<char>::collate_byname failed to construct for 
rethrow collate_byname<char>::collate_byname failed to construct for : 
    {"what":"collate_byname<char>::collate_byname failed to construct for "}
    nodeos  chain_plugin.cpp:958 plugin_initialize
./producernode/hard_start.sh: 30: ./producernode/hard_start.sh: --hard-replay-blockchain: not found
